SF:lib/src/bloc_select.dart
DA:19,1
DA:32,0
DA:33,1
DA:34,2
DA:35,0
DA:38,1
DA:39,1
DA:40,4
DA:41,0
DA:42,0
DA:43,0
DA:45,0
DA:46,0
DA:97,3
DA:101,1
DA:102,3
DA:106,1
DA:107,2
DA:108,1
DA:109,2
DA:110,1
DA:114,1
DA:118,1
DA:119,5
DA:120,1
DA:121,3
DA:122,1
DA:123,1
DA:124,1
DA:125,1
DA:126,1
DA:127,1
DA:128,1
DA:129,1
DA:130,1
DA:132,3
DA:133,1
DA:134,1
DA:135,1
DA:136,1
DA:137,1
DA:138,1
DA:139,1
DA:142,0
DA:143,0
DA:150,1
DA:151,3
LF:47
LH:38
end_of_record
SF:lib/src/database.dart
DA:35,5
DA:36,5
DA:37,0
DA:38,0
DA:39,0
DA:40,0
DA:46,6
DA:49,0
DA:52,2
DA:55,2
DA:58,6
DA:62,3
DA:65,4
DA:73,5
DA:89,1
DA:94,4
DA:98,0
DA:99,0
DA:102,2
DA:107,0
DA:108,0
DA:110,0
DA:115,0
DA:117,0
DA:119,0
DA:123,0
DA:124,0
DA:127,0
DA:130,0
DA:134,5
DA:135,20
DA:138,1
DA:140,15
DA:141,5
DA:142,10
DA:143,5
DA:146,0
DA:147,0
DA:154,1
DA:156,10
DA:158,15
DA:160,10
DA:161,10
DA:163,5
DA:174,0
DA:178,0
DA:187,4
DA:191,4
DA:200,0
DA:207,0
DA:208,0
DA:210,0
DA:211,0
DA:214,0
DA:219,4
DA:225,16
DA:227,4
DA:228,1
DA:230,6
DA:233,3
DA:235,3
DA:236,6
DA:237,12
DA:238,3
DA:239,9
DA:240,3
DA:241,6
DA:242,3
DA:243,1
DA:244,1
DA:246,3
DA:248,3
DA:252,0
DA:253,0
DA:254,0
DA:257,0
DA:259,0
DA:261,0
DA:262,0
DA:264,0
DA:266,12
DA:267,6
DA:268,3
DA:269,0
DA:271,3
DA:272,3
DA:273,12
DA:279,3
DA:281,4
DA:282,2
DA:292,2
DA:303,2
DA:316,3
DA:337,3
DA:338,1
DA:340,4
DA:341,2
DA:343,4
DA:344,6
DA:345,2
DA:349,2
DA:352,0
DA:355,0
DA:358,0
DA:361,0
DA:364,8
DA:365,4
DA:366,2
DA:367,0
DA:369,2
DA:371,4
DA:372,2
DA:378,1
DA:382,1
DA:383,0
DA:385,2
DA:387,4
DA:388,2
DA:389,1
DA:390,0
DA:391,1
DA:393,0
DA:394,0
DA:403,3
DA:421,3
DA:422,1
DA:424,4
DA:425,2
DA:427,4
DA:430,0
DA:433,0
DA:436,0
DA:439,0
DA:442,8
DA:443,4
DA:444,2
DA:445,0
DA:446,2
DA:448,4
DA:449,2
DA:458,4
DA:468,16
DA:469,4
DA:470,1
DA:472,6
DA:475,6
DA:477,3
DA:478,3
DA:479,6
DA:480,15
DA:481,3
DA:482,6
DA:483,3
DA:486,3
DA:488,3
DA:489,12
DA:490,6
DA:491,3
DA:492,0
DA:493,3
DA:494,3
DA:495,12
DA:501,3
DA:503,6
DA:504,3
DA:518,3
DA:528,12
DA:529,3
DA:530,1
DA:532,2
DA:534,0
DA:539,4
DA:542,2
DA:543,0
DA:545,2
DA:547,2
DA:548,2
DA:549,4
DA:550,4
DA:551,2
DA:552,0
DA:553,0
DA:555,6
DA:558,2
DA:560,1
DA:561,1
DA:564,2
DA:566,2
DA:567,2
DA:572,2
DA:573,8
DA:574,4
DA:575,2
DA:576,0
DA:577,2
DA:578,8
DA:584,2
DA:586,3
DA:595,2
DA:600,2
DA:601,8
DA:603,2
DA:604,1
DA:606,2
DA:608,4
DA:609,1
DA:610,2
DA:611,1
DA:612,4
DA:618,1
DA:620,2
DA:622,1
DA:624,2
DA:625,1
DA:626,1
DA:636,2
DA:645,2
DA:646,1
DA:648,2
DA:651,1
DA:653,1
DA:655,4
DA:656,3
DA:658,1
DA:660,2
DA:661,1
DA:670,4
DA:678,16
DA:679,4
DA:680,1
DA:683,6
DA:684,3
DA:685,12
DA:686,6
DA:688,3
DA:689,12
DA:694,3
DA:696,4
DA:697,2
DA:708,1
DA:709,2
DA:713,2
DA:721,2
DA:722,1
DA:724,2
DA:725,1
DA:727,4
DA:728,3
DA:730,1
DA:732,2
DA:733,1
DA:735,1
DA:744,5
DA:748,5
DA:750,17
DA:751,5
DA:754,5
DA:755,15
DA:756,10
DA:757,10
DA:758,10
DA:759,5
DA:761,2
DA:762,1
DA:769,2
DA:791,2
DA:792,1
DA:794,2
DA:795,1
DA:796,1
DA:798,2
DA:801,0
DA:804,0
DA:807,0
DA:810,0
DA:813,4
DA:814,3
DA:815,0
DA:818,1
DA:820,2
DA:821,1
LF:281
LH:220
end_of_record
SF:lib/src/exceptions.dart
DA:4,1
DA:5,2
DA:20,0
DA:29,0
DA:38,0
DA:47,0
DA:56,0
LF:7
LH:2
end_of_record
SF:lib/src/models.dart
DA:4,6
DA:6,5
DA:9,5
DA:12,5
DA:15,5
DA:21,3
DA:49,1
DA:52,2
DA:56,2
DA:57,0
DA:58,2
DA:59,0
DA:60,2
DA:61,3
DA:63,4
DA:64,4
LF:16
LH:14
end_of_record
SF:lib/src/schema/models/column.dart
DA:7,1
DA:10,1
DA:13,1
DA:16,1
DA:19,1
DA:27,1
DA:30,1
DA:33,1
DA:36,1
DA:39,1
DA:43,0
DA:78,4
DA:90,1
DA:91,1
DA:92,2
DA:93,2
DA:94,2
DA:95,2
DA:96,2
DA:97,2
DA:98,2
DA:99,2
DA:103,1
DA:104,1
DA:107,2
DA:113,1
DA:115,1
DA:116,1
DA:119,1
DA:122,1
DA:125,1
DA:128,1
DA:131,1
DA:134,1
DA:141,0
DA:142,0
DA:146,6
DA:148,5
DA:151,5
DA:154,5
DA:157,5
DA:160,5
DA:163,5
DA:166,5
LF:44
LH:41
end_of_record
SF:lib/src/schema/models/dbmodels.dart
DA:16,0
DA:19,0
DA:24,0
DA:29,0
DA:32,1
DA:39,1
DA:40,3
DA:42,1
DA:43,1
DA:44,1
DA:45,1
DA:46,2
DA:47,1
DA:48,2
DA:49,1
DA:50,6
DA:53,3
DA:54,4
DA:55,2
DA:57,1
DA:58,1
DA:60,6
DA:62,2
DA:63,3
DA:64,1
DA:66,1
DA:68,1
DA:69,1
DA:70,3
DA:71,1
DA:74,1
DA:75,3
DA:76,2
DA:85,1
DA:87,2
DA:88,1
DA:89,1
DA:90,2
DA:92,5
DA:93,1
DA:95,1
DA:97,1
DA:99,2
DA:100,3
DA:102,4
DA:107,2
DA:109,2
DA:112,1
DA:115,1
DA:116,2
DA:117,2
DA:124,1
DA:131,1
DA:133,1
DA:134,3
DA:135,1
DA:136,2
DA:139,1
DA:140,3
DA:141,2
DA:149,1
DA:150,2
DA:151,2
DA:157,1
DA:158,1
DA:159,1
DA:160,1
DA:161,2
DA:162,5
DA:163,1
DA:164,0
DA:168,1
DA:171,1
DA:172,1
DA:173,1
DA:174,2
DA:175,1
DA:176,2
DA:180,1
DA:181,0
DA:185,2
DA:186,2
DA:187,2
DA:188,2
DA:189,4
DA:190,6
DA:191,2
DA:192,0
DA:199,0
DA:200,0
DA:201,0
DA:202,0
DA:203,0
DA:204,0
DA:205,0
DA:206,0
DA:211,1
DA:212,1
DA:215,1
DA:217,2
DA:219,2
DA:220,3
DA:221,1
DA:222,0
DA:226,0
DA:227,0
DA:228,0
DA:229,0
DA:230,0
DA:234,2
DA:235,2
DA:236,8
DA:240,2
DA:241,2
DA:242,2
DA:243,4
DA:248,1
DA:259,0
DA:261,0
DA:262,0
DA:263,0
DA:264,0
DA:265,0
DA:266,0
DA:267,0
LF:125
LH:96
end_of_record
SF:lib/src/schema/models/schema.dart
DA:6,5
DA:7,5
DA:14,2
DA:16,4
DA:17,4
DA:26,1
DA:27,2
DA:28,2
DA:36,1
DA:37,2
DA:38,1
LF:11
LH:11
end_of_record
SF:lib/src/schema/models/table.dart
DA:8,6
DA:10,5
DA:13,5
DA:16,5
DA:19,5
DA:25,4
DA:36,4
DA:39,4
DA:42,8
DA:45,0
DA:48,2
DA:51,1
DA:53,2
DA:54,2
DA:67,3
DA:70,3
DA:74,3
DA:76,6
DA:77,6
DA:81,3
DA:82,3
DA:83,6
DA:87,4
DA:93,4
DA:95,0
DA:98,4
DA:101,0
DA:104,4
DA:106,8
DA:107,4
DA:109,4
DA:110,4
DA:112,0
DA:113,0
DA:115,0
DA:116,0
DA:119,0
DA:121,8
DA:122,8
DA:123,12
DA:135,4
DA:141,4
DA:143,0
DA:146,3
DA:149,4
DA:152,0
DA:155,0
DA:157,8
DA:158,12
DA:168,3
DA:173,3
DA:175,0
DA:178,3
DA:181,0
DA:184,0
DA:186,6
DA:187,9
DA:197,4
DA:202,4
DA:204,0
DA:207,4
DA:210,0
DA:213,0
DA:215,8
DA:216,12
DA:220,4
DA:226,3
DA:233,3
DA:235,3
DA:238,3
DA:241,6
DA:244,6
DA:246,6
DA:247,9
DA:251,3
DA:257,3
DA:258,3
DA:259,6
DA:260,6
DA:261,9
DA:262,3
DA:266,3
DA:273,3
DA:275,0
DA:278,3
DA:281,0
DA:284,0
DA:286,6
DA:287,9
DA:291,3
DA:297,3
DA:299,3
DA:300,6
DA:301,9
DA:305,0
DA:306,0
DA:307,0
DA:308,0
DA:313,1
DA:314,3
DA:315,2
DA:316,1
DA:320,1
DA:321,1
DA:324,4
DA:325,8
DA:326,12
DA:327,8
DA:328,4
DA:329,12
DA:331,4
DA:334,4
DA:335,15
DA:339,2
DA:340,2
DA:341,6
DA:342,2
DA:343,2
DA:349,1
DA:350,1
LF:120
LH:96
end_of_record
