SF:lib/src/database.dart
DA:16,5
DA:17,5
DA:18,0
DA:19,0
DA:20,0
DA:21,0
DA:43,3
DA:47,6
DA:50,2
DA:53,0
DA:56,6
DA:59,4
DA:62,2
DA:65,1
DA:66,2
DA:75,5
DA:91,1
DA:96,4
DA:100,0
DA:101,0
DA:104,2
DA:109,0
DA:110,0
DA:112,0
DA:117,0
DA:119,0
DA:121,0
DA:125,0
DA:126,0
DA:129,0
DA:132,0
DA:136,5
DA:137,20
DA:140,1
DA:142,15
DA:143,5
DA:144,10
DA:145,5
DA:148,0
DA:149,0
DA:155,15
DA:157,1
DA:159,10
DA:161,15
DA:163,10
DA:164,10
DA:166,5
DA:169,5
DA:172,5
DA:174,17
DA:175,5
DA:178,5
DA:179,15
DA:180,10
DA:181,10
DA:182,10
DA:183,5
DA:185,2
DA:186,1
DA:194,1
DA:198,1
DA:199,0
DA:201,2
DA:203,4
DA:204,2
DA:206,1
DA:208,0
DA:209,0
DA:218,3
DA:236,3
DA:237,1
DA:239,4
DA:240,2
DA:242,4
DA:245,0
DA:248,0
DA:251,0
DA:254,0
DA:257,8
DA:258,4
DA:260,2
DA:262,4
DA:263,2
DA:272,2
DA:283,2
DA:295,2
DA:317,2
DA:318,1
DA:320,2
DA:321,1
DA:322,1
DA:324,2
DA:327,0
DA:330,0
DA:333,0
DA:336,0
DA:339,4
DA:340,3
DA:341,0
DA:344,1
DA:346,2
DA:347,1
DA:353,3
DA:374,3
DA:375,1
DA:377,4
DA:378,2
DA:380,4
DA:381,6
DA:382,2
DA:386,2
DA:389,0
DA:392,0
DA:395,0
DA:398,0
DA:401,8
DA:402,6
DA:403,0
DA:406,2
DA:408,4
DA:409,2
DA:415,4
DA:424,16
DA:426,4
DA:427,1
DA:429,6
DA:432,3
DA:434,3
DA:435,6
DA:436,3
DA:437,3
DA:438,6
DA:439,3
DA:440,1
DA:441,1
DA:443,3
DA:445,3
DA:446,12
DA:447,6
DA:449,3
DA:450,3
DA:451,12
DA:457,3
DA:459,4
DA:460,2
DA:470,4
DA:480,16
DA:481,4
DA:482,1
DA:484,6
DA:487,6
DA:489,3
DA:490,6
DA:491,3
DA:492,6
DA:493,3
DA:494,1
DA:496,3
DA:498,3
DA:499,12
DA:500,6
DA:502,3
DA:503,3
DA:504,12
DA:510,3
DA:512,6
DA:513,3
DA:527,3
DA:537,12
DA:538,3
DA:539,1
DA:541,2
DA:543,0
DA:548,4
DA:551,2
DA:552,0
DA:554,2
DA:556,4
DA:557,4
DA:558,2
DA:559,0
DA:560,0
DA:562,6
DA:565,2
DA:566,1
DA:567,1
DA:570,2
DA:576,2
DA:577,8
DA:578,4
DA:580,2
DA:581,8
DA:587,2
DA:589,3
DA:598,4
DA:606,16
DA:607,4
DA:608,1
DA:611,6
DA:612,3
DA:613,12
DA:614,6
DA:616,3
DA:617,12
DA:622,3
DA:624,4
DA:625,2
DA:636,2
DA:644,2
DA:645,1
DA:647,2
DA:648,1
DA:650,4
DA:651,3
DA:653,1
DA:655,2
DA:656,1
DA:658,1
DA:668,2
DA:677,2
DA:678,1
DA:680,2
DA:683,1
DA:685,1
DA:687,4
DA:688,3
DA:690,1
DA:692,2
DA:693,1
DA:702,2
DA:707,2
DA:708,8
DA:710,2
DA:711,1
DA:713,2
DA:715,4
DA:716,1
DA:717,2
DA:718,1
DA:719,4
DA:725,1
DA:727,2
DA:729,1
DA:731,2
DA:732,2
DA:733,1
LF:246
LH:206
end_of_record
SF:lib/src/bloc_select.dart
DA:19,1
DA:32,0
DA:33,1
DA:34,2
DA:35,0
DA:39,1
DA:40,1
DA:41,4
DA:42,0
DA:43,0
DA:44,0
DA:46,0
DA:47,0
DA:98,3
DA:102,1
DA:103,3
DA:107,1
DA:108,2
DA:109,1
DA:110,2
DA:111,1
DA:115,1
DA:119,1
DA:120,5
DA:121,1
DA:122,3
DA:123,1
DA:124,1
DA:125,1
DA:126,1
DA:127,1
DA:128,1
DA:129,1
DA:130,1
DA:131,1
DA:133,3
DA:134,1
DA:135,1
DA:136,1
DA:137,1
DA:138,1
DA:139,1
DA:140,1
DA:143,0
DA:144,0
DA:151,1
DA:152,3
LF:47
LH:38
end_of_record
SF:lib/src/models.dart
DA:4,6
DA:6,5
DA:9,5
DA:12,5
DA:15,5
DA:21,3
DA:49,1
DA:52,2
DA:56,2
DA:57,0
DA:58,2
DA:59,0
DA:60,2
DA:61,3
DA:63,4
DA:64,4
LF:16
LH:14
end_of_record
SF:lib/src/schema/models/schema.dart
DA:6,5
DA:7,10
DA:14,2
DA:16,4
DA:17,4
DA:26,1
DA:27,2
DA:28,2
DA:36,0
DA:37,0
DA:38,0
LF:11
LH:8
end_of_record
SF:lib/src/schema/models/table.dart
DA:6,5
DA:8,5
DA:11,5
DA:14,5
DA:17,5
DA:23,4
DA:34,4
DA:37,4
DA:40,0
DA:41,0
DA:44,8
DA:47,0
DA:50,2
DA:53,1
DA:55,2
DA:56,2
DA:69,3
DA:72,3
DA:76,3
DA:78,6
DA:79,6
DA:83,3
DA:84,3
DA:85,6
DA:89,4
DA:95,4
DA:97,0
DA:100,4
DA:103,0
DA:106,4
DA:108,8
DA:109,4
DA:111,4
DA:112,4
DA:114,0
DA:115,0
DA:117,0
DA:118,0
DA:121,0
DA:123,8
DA:124,8
DA:125,12
DA:137,4
DA:143,4
DA:145,0
DA:148,3
DA:151,4
DA:154,0
DA:157,0
DA:159,8
DA:160,12
DA:170,3
DA:175,3
DA:177,0
DA:180,3
DA:183,0
DA:186,0
DA:188,6
DA:189,9
DA:199,4
DA:204,4
DA:206,0
DA:209,4
DA:212,0
DA:215,0
DA:217,8
DA:218,12
DA:222,4
DA:228,3
DA:235,3
DA:237,3
DA:240,3
DA:243,6
DA:246,6
DA:248,6
DA:249,9
DA:253,3
DA:259,3
DA:260,3
DA:261,6
DA:262,6
DA:263,9
DA:264,3
DA:268,3
DA:275,3
DA:277,0
DA:280,3
DA:283,0
DA:286,0
DA:288,6
DA:289,9
DA:293,3
DA:299,3
DA:301,3
DA:302,6
DA:303,9
DA:307,0
DA:308,0
DA:309,0
DA:310,0
DA:315,0
DA:316,0
DA:317,0
DA:318,0
DA:322,0
DA:323,0
DA:326,4
DA:327,8
DA:328,12
DA:329,8
DA:330,4
DA:331,12
DA:333,4
DA:337,4
DA:338,16
DA:342,2
DA:343,2
DA:344,6
DA:345,2
DA:346,2
DA:352,1
DA:353,1
LF:122
LH:90
end_of_record
SF:lib/src/schema/models/column.dart
DA:5,6
DA:7,5
DA:10,5
DA:13,5
DA:16,5
DA:19,5
DA:22,5
DA:25,5
DA:31,4
DA:70,1
DA:71,1
DA:72,2
DA:73,2
DA:74,2
DA:75,2
DA:76,2
DA:77,2
DA:78,2
DA:79,2
DA:83,1
DA:84,1
DA:87,0
DA:93,1
DA:95,1
DA:96,1
DA:99,1
DA:102,1
DA:105,1
DA:108,1
DA:111,1
DA:114,1
DA:123,1
DA:126,1
DA:129,1
DA:132,1
DA:135,1
DA:139,0
DA:145,1
DA:148,1
DA:151,1
DA:154,1
DA:157,1
LF:42
LH:40
end_of_record
SF:lib/src/schema/models/dbmodels.dart
DA:13,0
DA:16,0
DA:21,0
DA:26,0
DA:29,1
DA:36,1
DA:37,4
DA:39,2
DA:40,1
DA:41,5
DA:42,1
DA:46,1
DA:47,1
DA:48,1
DA:49,1
DA:50,2
DA:51,2
DA:52,6
DA:54,4
DA:57,6
DA:59,1
DA:61,2
DA:62,2
DA:63,1
DA:64,2
DA:66,1
DA:70,1
DA:71,1
DA:72,3
DA:73,2
DA:86,1
DA:87,1
DA:88,1
DA:89,1
DA:91,2
DA:92,3
DA:95,2
DA:97,2
DA:99,3
DA:100,3
DA:102,3
DA:103,3
DA:106,1
DA:109,1
DA:111,1
DA:112,1
DA:113,2
DA:119,1
DA:126,1
DA:128,1
DA:129,2
DA:130,1
DA:131,2
DA:134,1
DA:135,3
DA:136,2
DA:144,1
DA:145,1
DA:146,2
DA:152,1
DA:153,1
DA:154,1
DA:155,1
DA:156,2
DA:157,5
DA:158,1
DA:159,0
DA:163,1
DA:164,1
DA:165,1
DA:166,1
DA:167,6
DA:168,0
DA:172,2
DA:173,2
DA:174,2
DA:175,2
DA:176,4
DA:177,6
DA:178,2
DA:179,0
DA:184,1
DA:185,1
DA:187,1
DA:189,2
DA:191,2
DA:192,3
DA:193,1
DA:194,0
DA:198,0
DA:199,0
DA:200,0
DA:201,0
DA:205,0
DA:206,0
DA:207,6
DA:211,0
DA:212,0
DA:213,0
DA:214,0
LF:100
LH:82
end_of_record
SF:lib/src/exceptions.dart
DA:4,1
DA:5,2
LF:2
LH:2
end_of_record
